2024-12-19 02:38:46,896 INFO: Request: GET http://44e6a5fc-f902-4b0f-9dca-aa3ea85a1a53-00-3kp7y4qw806f5.janeway.replit.dev/health [in /home/runner/AI-bot-template-1/main.py:64]
2024-12-19 02:38:46,897 INFO: Home page accessed [in /home/runner/AI-bot-template-1/main.py:58]
2024-12-19 02:38:46,910 INFO: Response: 200 OK [in /home/runner/AI-bot-template-1/main.py:68]
2024-12-19 02:38:46,904 INFO: Response: 200 OK [in /home/runner/AI-bot-template-1/main.py:68]
2024-12-19 02:38:46,906 INFO: Request: GET http://44e6a5fc-f902-4b0f-9dca-aa3ea85a1a53-00-3kp7y4qw806f5.janeway.replit.dev/api/health [in /home/runner/AI-bot-template-1/main.py:64]
2024-12-19 02:38:46,918 INFO: Response: 200 OK [in /home/runner/AI-bot-template-1/main.py:68]
2024-12-19 02:38:46,933 INFO: Request: GET http://44e6a5fc-f902-4b0f-9dca-aa3ea85a1a53-00-3kp7y4qw806f5.janeway.replit.dev/health [in /home/runner/AI-bot-template-1/main.py:64]
2024-12-19 02:38:46,949 INFO: Response: 200 OK [in /home/runner/AI-bot-template-1/main.py:68]
2024-12-19 02:38:46,955 INFO: Request: GET http://44e6a5fc-f902-4b0f-9dca-aa3ea85a1a53-00-3kp7y4qw806f5.janeway.replit.dev/static/css/styles.css [in /home/runner/AI-bot-template-1/main.py:64]
2024-12-19 02:38:46,957 INFO: Request: GET http://44e6a5fc-f902-4b0f-9dca-aa3ea85a1a53-00-3kp7y4qw806f5.janeway.replit.dev/static/js/study_coach.js [in /home/runner/AI-bot-template-1/main.py:64]
2024-12-19 02:38:46,978 INFO: Response: 304 NOT MODIFIED [in /home/runner/AI-bot-template-1/main.py:68]
2024-12-19 02:38:46,979 INFO: Response: 304 NOT MODIFIED [in /home/runner/AI-bot-template-1/main.py:68]
2024-12-19 02:38:47,013 INFO: Request: GET http://44e6a5fc-f902-4b0f-9dca-aa3ea85a1a53-00-3kp7y4qw806f5.janeway.replit.dev/static/js/App.js [in /home/runner/AI-bot-template-1/main.py:64]
2024-12-19 02:38:47,019 INFO: Response: 304 NOT MODIFIED [in /home/runner/AI-bot-template-1/main.py:68]
2024-12-19 02:38:47,027 INFO: Request: GET http://44e6a5fc-f902-4b0f-9dca-aa3ea85a1a53-00-3kp7y4qw806f5.janeway.replit.dev/static/css/styles.css [in /home/runner/AI-bot-template-1/main.py:64]
2024-12-19 02:38:47,025 INFO: Request: GET http://44e6a5fc-f902-4b0f-9dca-aa3ea85a1a53-00-3kp7y4qw806f5.janeway.replit.dev/static/js/nursing_content.js [in /home/runner/AI-bot-template-1/main.py:64]
2024-12-19 02:38:47,024 INFO: Request: GET http://44e6a5fc-f902-4b0f-9dca-aa3ea85a1a53-00-3kp7y4qw806f5.janeway.replit.dev/static/js/nursing_content.js [in /home/runner/AI-bot-template-1/main.py:64]
2024-12-19 02:38:47,037 INFO: Response: 304 NOT MODIFIED [in /home/runner/AI-bot-template-1/main.py:68]
2024-12-19 02:38:47,034 INFO: Request: GET http://44e6a5fc-f902-4b0f-9dca-aa3ea85a1a53-00-3kp7y4qw806f5.janeway.replit.dev/static/js/study_coach.js [in /home/runner/AI-bot-template-1/main.py:64]
2024-12-19 02:38:47,036 INFO: Response: 304 NOT MODIFIED [in /home/runner/AI-bot-template-1/main.py:68]
2024-12-19 02:38:47,037 INFO: Response: 304 NOT MODIFIED [in /home/runner/AI-bot-template-1/main.py:68]
2024-12-19 02:38:47,036 INFO: Request: GET http://44e6a5fc-f902-4b0f-9dca-aa3ea85a1a53-00-3kp7y4qw806f5.janeway.replit.dev/static/js/App.js [in /home/runner/AI-bot-template-1/main.py:64]
2024-12-19 02:38:47,041 INFO: Response: 304 NOT MODIFIED [in /home/runner/AI-bot-template-1/main.py:68]
2024-12-19 02:38:47,041 INFO: Response: 304 NOT MODIFIED [in /home/runner/AI-bot-template-1/main.py:68]
2024-12-19 02:38:47,066 INFO: Request: GET http://44e6a5fc-f902-4b0f-9dca-aa3ea85a1a53-00-3kp7y4qw806f5.janeway.replit.dev/api/health [in /home/runner/AI-bot-template-1/main.py:64]
2024-12-19 02:38:47,070 INFO: Request: GET http://44e6a5fc-f902-4b0f-9dca-aa3ea85a1a53-00-3kp7y4qw806f5.janeway.replit.dev/health [in /home/runner/AI-bot-template-1/main.py:64]
2024-12-19 02:38:47,071 INFO: Response: 200 OK [in /home/runner/AI-bot-template-1/main.py:68]
2024-12-19 02:38:47,071 INFO: Response: 200 OK [in /home/runner/AI-bot-template-1/main.py:68]
2024-12-19 02:38:47,372 INFO: Request: GET http://44e6a5fc-f902-4b0f-9dca-aa3ea85a1a53-00-3kp7y4qw806f5.janeway.replit.dev/api/health [in /home/runner/AI-bot-template-1/main.py:64]
2024-12-19 02:38:47,387 INFO: Response: 200 OK [in /home/runner/AI-bot-template-1/main.py:68]
2024-12-19 02:38:47,390 INFO: Request: GET http://44e6a5fc-f902-4b0f-9dca-aa3ea85a1a53-00-3kp7y4qw806f5.janeway.replit.dev/ [in /home/runner/AI-bot-template-1/main.py:64]
2024-12-19 02:38:47,390 INFO: Home page accessed [in /home/runner/AI-bot-template-1/main.py:58]
2024-12-19 02:38:47,391 INFO: Response: 200 OK [in /home/runner/AI-bot-template-1/main.py:68]
2024-12-19 02:38:48,235 INFO: Request: GET http://44e6a5fc-f902-4b0f-9dca-aa3ea85a1a53-00-3kp7y4qw806f5.janeway.replit.dev/static/js/study_coach.js [in /home/runner/AI-bot-template-1/main.py:64]
2024-12-19 02:38:48,236 INFO: Response: 304 NOT MODIFIED [in /home/runner/AI-bot-template-1/main.py:68]
2024-12-19 02:38:48,242 INFO: Request: GET http://44e6a5fc-f902-4b0f-9dca-aa3ea85a1a53-00-3kp7y4qw806f5.janeway.replit.dev/static/js/App.js [in /home/runner/AI-bot-template-1/main.py:64]
2024-12-19 02:38:48,243 INFO: Response: 304 NOT MODIFIED [in /home/runner/AI-bot-template-1/main.py:68]
2024-12-19 02:38:48,246 INFO: Request: GET http://44e6a5fc-f902-4b0f-9dca-aa3ea85a1a53-00-3kp7y4qw806f5.janeway.replit.dev/static/css/styles.css [in /home/runner/AI-bot-template-1/main.py:64]
2024-12-19 02:38:48,247 INFO: Response: 304 NOT MODIFIED [in /home/runner/AI-bot-template-1/main.py:68]
2024-12-19 02:38:48,413 INFO: Request: GET http://44e6a5fc-f902-4b0f-9dca-aa3ea85a1a53-00-3kp7y4qw806f5.janeway.replit.dev/static/js/nursing_content.js [in /home/runner/AI-bot-template-1/main.py:64]
2024-12-19 02:38:48,415 INFO: Response: 304 NOT MODIFIED [in /home/runner/AI-bot-template-1/main.py:68]
